============================================================
AICompanyManager Phase AX SQL DDL draft check
============================================================
PASS: /data/data/com.termux/files/home/01.civilization-system/07.applications/03.business-app/AICompanyManager/4700_PHASE_AX_SQL_DDL_DRAFT_ROADMAP.md
PASS: /data/data/com.termux/files/home/01.civilization-system/07.applications/03.business-app/AICompanyManager/4710_DB_DDL_DRAFT.sql
PASS: /data/data/com.termux/files/home/01.civilization-system/07.applications/03.business-app/AICompanyManager/4720_DB_DDL_REVIEW_NOTES.md
PASS: DB reviewer declared
PASS: do not execute guard
PASS: company DDL
PASS: task ledger DDL
PASS: csv batch DDL
PASS: review item DDL
PASS: review action DDL
PASS: DB apply approval rule
TABLE_COUNT: 14
PASS: 14 tables declared
------------------------------------------------------------
PASS_COUNT: 12
FAIL_COUNT: 0
RESULT: PHASE_AX_SQL_DDL_DRAFT_PASS
============================================================
