============================================================
AICompanyManager Phase BI-BL adapter/repository precheck
============================================================
PASS: /data/data/com.termux/files/home/03.civilization-development/03.business-os/AICompanyManager/index.html
PASS: /data/data/com.termux/files/home/03.civilization-development/03.business-os/AICompanyManager/assets/js/phase-ao-add-only-split-ui.js
PASS: /data/data/com.termux/files/home/01.civilization-system/07.applications/03.business-app/AICompanyManager/5110_API_PAYLOAD_EXACT_CANON.md
PASS: /data/data/com.termux/files/home/01.civilization-system/07.applications/03.business-app/AICompanyManager/5130_SAVE_LOAD_ENDPOINT_CONTRACT.md
PASS: /data/data/com.termux/files/home/01.civilization-system/07.applications/03.business-app/AICompanyManager/5140_CSV_IMPORT_ENDPOINT_CONTRACT.md
PASS: /data/data/com.termux/files/home/01.civilization-system/07.applications/03.business-app/AICompanyManager/5150_REVIEW_APPROVAL_ENDPOINT_CONTRACT.md
PASS: /data/data/com.termux/files/home/01.civilization-system/07.applications/03.business-app/AICompanyManager/5200_PHASE_BI_BL_ADAPTER_REPOSITORY_PRECHECK_ROADMAP.md
PASS: /data/data/com.termux/files/home/01.civilization-system/07.applications/03.business-app/AICompanyManager/5210_MOCK_UI_API_CONTRACT_DIFF_AUDIT.md
PASS: /data/data/com.termux/files/home/01.civilization-system/07.applications/03.business-app/AICompanyManager/5220_FRONTEND_ADAPTER_DESIGN_CANON.md
PASS: /data/data/com.termux/files/home/01.civilization-system/07.applications/03.business-app/AICompanyManager/5230_REPOSITORY_INTERFACE_DESIGN_CANON.md
PASS: /data/data/com.termux/files/home/01.civilization-system/07.applications/03.business-app/AICompanyManager/5240_CACHE_OFFLINE_POLICY_CANON.md
PASS: /data/data/com.termux/files/home/01.civilization-system/07.applications/03.business-app/AICompanyManager/5250_IMPLEMENTATION_PRECHECK_NO_APPLY_GATE.md
PASS: accepted dashboard in UI
PASS: accepted task ledger in UI
PASS: accepted review screen in UI
PASS: frontend adapter design
PASS: repository interface
PASS: local repository
PASS: api repository
PASS: localStorage cache policy
PASS: no apply gate
PASS: MutationObserver not used
SCRIPT_COUNT: 1
PASS: index script count is 1
------------------------------------------------------------
PASS_COUNT: 23
FAIL_COUNT: 0
RESULT: PHASE_BI_BL_ADAPTER_REPOSITORY_PRECHECK_PASS
============================================================
