============================================================
PKG-AIW-009 APPLY TEMPLATE (CANONICAL)
============================================================
Environment variable: PERSONA_DATABASE_URL
Dependencies: PKG-AIW-001 through PKG-AIW-008 should already be applied.
Review requirement: 佐藤(DB担当) review is required before DB apply.
Package dir: /data/data/com.termux/files/home/01.civilization-system/11.aiworker-os/120.implementation/121.execution-packages/pkg-aiw-009
============================================================
BEGIN
DO
CREATE TABLE
CREATE TABLE
CREATE INDEX
CREATE INDEX
CREATE TABLE
CREATE INDEX
INSERT 0 2
COMMIT
BEGIN
CREATE FUNCTION
CREATE FUNCTION
CREATE FUNCTION
CREATE FUNCTION
CREATE FUNCTION
COMMIT
BEGIN
CREATE FUNCTION
CREATE FUNCTION
COMMIT
BEGIN
CREATE VIEW
CREATE VIEW
CREATE VIEW
COMMIT
============================================================
PKG-AIW-009 APPLY TEMPLATE FINISHED
============================================================
