============================================================
AICompanyManager Phase AZ RLS exact design check
============================================================
PASS: /data/data/com.termux/files/home/01.civilization-system/07.applications/03.business-app/AICompanyManager/4900_PHASE_AZ_RLS_EXACT_DESIGN_ROADMAP.md
PASS: /data/data/com.termux/files/home/01.civilization-system/07.applications/03.business-app/AICompanyManager/4910_RLS_EXACT_DESIGN_CANON.md
PASS: /data/data/com.termux/files/home/01.civilization-system/07.applications/03.business-app/AICompanyManager/4920_ACTOR_ACCESS_BOUNDARY_CANON.md
PASS: /data/data/com.termux/files/home/01.civilization-system/07.applications/03.business-app/AICompanyManager/4930_RLS_POLICY_DRAFT.sql
PASS: /data/data/com.termux/files/home/01.civilization-system/07.applications/03.business-app/AICompanyManager/4940_SATO_RLS_REVIEW_NOTES.md
PASS: Sato reviewer declared
PASS: company_id boundary
PASS: department boundary
PASS: service role boundary
PASS: actor type boundary
PASS: membership table draft
PASS: read helper draft
PASS: department write helper draft
PASS: RLS enable draft
PASS: execution guard
PASS: Persona DB candidate
POLICY_COUNT: 10
PASS: policy drafts exist
------------------------------------------------------------
PASS_COUNT: 17
FAIL_COUNT: 0
RESULT: PHASE_AZ_RLS_EXACT_DESIGN_PASS
============================================================
