============================================================
AICompanyManager Phase AT final report push START
============================================================
[main 8d56d65c] AICompanyManager Phase AT final report push
 8 files changed, 134 insertions(+)
 create mode 100644 07.applications/03.business-app/AICompanyManager/4200_PHASE_AS_FINAL_PUSH_VERIFY_REPORT.md
 create mode 100644 07.applications/03.business-app/AICompanyManager/4300_PHASE_AT_FINAL_REPORT_PUSH_REPORT.md
 create mode 100644 07.applications/03.business-app/AICompanyManager/920.meta/20260427_061029_phase_ar_push_sync/design_final_report_staged_files.txt
 create mode 100644 07.applications/03.business-app/AICompanyManager/920.meta/20260427_061029_phase_ar_push_sync/design_final_report_staged_large_files.txt
 create mode 100644 07.applications/03.business-app/AICompanyManager/920.meta/20260427_061240_phase_as_final_push_verify/000_PHASE_AS_FINAL_PUSH_VERIFY_GENERATION_REPORT.md
 create mode 100644 07.applications/03.business-app/AICompanyManager/920.meta/20260427_061240_phase_as_final_push_verify/010_large_files_over_100mb.txt
 create mode 100644 07.applications/03.business-app/AICompanyManager/920.meta/20260427_061407_phase_at_final_report_push/010_phase_at_final_report_push.log
COMMIT_RESULT: COMMIT_DONE
To github.com:lsassetmng-art/01.civilization-system.git
   b60e5fa1..8d56d65c  main -> main
LOCAL_HEAD: 8d56d65c
UPSTREAM_HEAD: 8d56d65c
AHEAD_BEHIND: 0	0
VERIFY_RESULT: PUSH_SYNCED
REPORT: /data/data/com.termux/files/home/01.civilization-system/07.applications/03.business-app/AICompanyManager/4300_PHASE_AT_FINAL_REPORT_PUSH_REPORT.md
DB WRITE: NOT EXECUTED
RLS APPLY: NOT EXECUTED
LIVE AIWORKEROS CALL: NOT EXECUTED
GIT PUSH: EXECUTED
============================================================
