MISSING :: /data/data/com.termux/files/home/01.civilization-system/01.civilization-os/020.architecture/000_CIVILIZATION_OS_ARCHITECTURE_CANONICAL.md
MISSING :: /data/data/com.termux/files/home/01.civilization-system/01.civilization-os/020.architecture/000_CIVILIZATION_ARCHITECTURE_CANONICAL.md
MISSING :: /data/data/com.termux/files/home/01.civilization-system/01.civilization-os/020.architecture/020.foundation/021_SYSTEM_ARCHITECTURE.md
MISSING :: /data/data/com.termux/files/home/01.civilization-system/01.civilization-os/020.architecture/020.foundation/022_DEPENDENCY_GRAPH_ARCHITECTURE.md
MISSING :: /data/data/com.termux/files/home/01.civilization-system/01.civilization-os/020.architecture/020_ARCHITECTURE_INDEX.md
MISSING :: /data/data/com.termux/files/home/01.civilization-system/01.civilization-os/020.architecture/010.world/010_CX22073JW_WORLD_ARCHITECTURE.md
MISSING :: /data/data/com.termux/files/home/01.civilization-system/01.civilization-os/020.architecture/010.world/011_WORLD_DATA_FORMAT_ARCHITECTURE.md
MISSING :: /data/data/com.termux/files/home/01.civilization-system/01.civilization-os/020.architecture/080.world/100_WORLD_ARCHITECTURE.md
MISSING :: /data/data/com.termux/files/home/01.civilization-system/01.civilization-os/020.architecture/080.world/130_POPULATION_ARCHITECTURE.md
MISSING :: /data/data/com.termux/files/home/01.civilization-system/01.civilization-os/020.architecture/080.world/150_NATION_CORE_ARCHITECTURE.md
MISSING :: /data/data/com.termux/files/home/01.civilization-system/01.civilization-os/020.architecture/080.world/150_NATION_STABILITY_ARCHITECTURE.md
MISSING :: /data/data/com.termux/files/home/01.civilization-system/01.civilization-os/020.architecture/080.world/151_NATION_COUNT_ARCHITECTURE.md
MISSING :: /data/data/com.termux/files/home/01.civilization-system/01.civilization-os/020.architecture/080.world/110_GLOBAL_GOVERNANCE_ARCHITECTURE.md
MISSING :: /data/data/com.termux/files/home/01.civilization-system/01.civilization-os/020.architecture/080.world/120_AI_NATION_ARCHITECTURE.md
MISSING :: /data/data/com.termux/files/home/01.civilization-system/01.civilization-os/020.architecture/080.world/141_AI_FREQUENCY_ARCHITECTURE.md
MISSING :: /data/data/com.termux/files/home/01.civilization-system/01.civilization-os/020.architecture/020.foundation/010_CANONICAL_CONSISTENCY_ARCHITECTURE.md
MISSING :: /data/data/com.termux/files/home/01.civilization-system/01.civilization-os/020.architecture/020.foundation/011_SYSTEM_COMPLEXITY_CONTROL_ARCHITECTURE.md
MISSING :: /data/data/com.termux/files/home/01.civilization-system/01.civilization-os/020.architecture/020.foundation/012_SYSTEM_RISK_ARCHITECTURE.md
MISSING :: /data/data/com.termux/files/home/01.civilization-system/01.civilization-os/020.architecture/020.foundation/013_CAPABILITY_ARCHITECTURE.md
MISSING :: /data/data/com.termux/files/home/01.civilization-system/01.civilization-os/020.architecture/020.foundation/014_SYSTEM_EVOLUTION_ARCHITECTURE.md
MISSING :: /data/data/com.termux/files/home/01.civilization-system/01.civilization-os/020.architecture/020.foundation/015_CHANGE_IMPACT_ARCHITECTURE.md
MISSING :: /data/data/com.termux/files/home/01.civilization-system/01.civilization-os/020.architecture/020.foundation/016_DOMAIN_BOUNDARY_ARCHITECTURE.md
MISSING :: /data/data/com.termux/files/home/01.civilization-system/01.civilization-os/020.architecture/020.foundation/017_DATA_LINEAGE_ARCHITECTURE.md
MISSING :: /data/data/com.termux/files/home/01.civilization-system/01.civilization-os/020.architecture/020.foundation/018_TRUST_BOUNDARY_ARCHITECTURE.md
MISSING :: /data/data/com.termux/files/home/01.civilization-system/01.civilization-os/020.architecture/020.foundation/019_SYSTEM_CONTEXT_ARCHITECTURE.md
MISSING :: /data/data/com.termux/files/home/01.civilization-system/01.civilization-os/020.architecture/020.foundation/023_SYSTEM_BOUNDARY_ARCHITECTURE.md
MISSING :: /data/data/com.termux/files/home/01.civilization-system/01.civilization-os/020.architecture/025.mode/025_MODE_OVERVIEW_ARCHITECTURE.md
MISSING :: /data/data/com.termux/files/home/01.civilization-system/01.civilization-os/020.architecture/025.mode/026_STORY_MODE_ARCHITECTURE.md
MISSING :: /data/data/com.termux/files/home/01.civilization-system/01.civilization-os/020.architecture/025.mode/027_FEATURE_UNLOCK_ARCHITECTURE.md
MISSING :: /data/data/com.termux/files/home/01.civilization-system/01.civilization-os/020.architecture/026.story/026_STORY_OVERVIEW_ARCHITECTURE.md
MISSING :: /data/data/com.termux/files/home/01.civilization-system/01.civilization-os/020.architecture/026.story/027_STORY_STRUCTURE_ARCHITECTURE.md
MISSING :: /data/data/com.termux/files/home/01.civilization-system/01.civilization-os/020.architecture/026.story/028_STORY_GAMEPLAY_ARCHITECTURE.md
MISSING :: /data/data/com.termux/files/home/01.civilization-system/01.civilization-os/020.architecture/026.story/029_STORY_PROGRESSION_ARCHITECTURE.md
MISSING :: /data/data/com.termux/files/home/01.civilization-system/01.civilization-os/020.architecture/026.story/030_STORY_UNLOCK_ARCHITECTURE.md
MISSING :: /data/data/com.termux/files/home/01.civilization-system/01.civilization-os/020.architecture/026.story/031_STORY_PAYMENT_ARCHITECTURE.md
MISSING :: /data/data/com.termux/files/home/01.civilization-system/01.civilization-os/020.architecture/026.story/032_STORY_SCENARIO_FORMAT_ARCHITECTURE.md
MISSING :: /data/data/com.termux/files/home/01.civilization-system/01.civilization-os/020.architecture/026.story/033_STORY_STATE_ARCHITECTURE.md
MISSING :: /data/data/com.termux/files/home/01.civilization-system/01.civilization-os/020.architecture/026.story/036_STORY_CONVERGENCE_ARCHITECTURE.md
MISSING :: /data/data/com.termux/files/home/01.civilization-system/01.civilization-os/020.architecture/026.story/037_WORLD_TO_STORY_MAPPING_ARCHITECTURE.md
MISSING :: /data/data/com.termux/files/home/01.civilization-system/01.civilization-os/020.architecture/026.story/038_TRIPLE_CHARACTER_ARCHITECTURE.md
MISSING :: /data/data/com.termux/files/home/01.civilization-system/01.civilization-os/020.architecture/026.story/039_SNAPSHOT_ARCHITECTURE.md
MISSING :: /data/data/com.termux/files/home/01.civilization-system/01.civilization-os/020.architecture/026.story/040_STORY_BUILDER_ARCHITECTURE.md
MISSING :: /data/data/com.termux/files/home/01.civilization-system/01.civilization-os/020.architecture/026.story/042_SAVE_CHECKPOINT_ARCHITECTURE.md
MISSING :: /data/data/com.termux/files/home/01.civilization-system/01.civilization-os/020.architecture/026.story/043_CHOICE_FLAG_ARCHITECTURE.md
MISSING :: /data/data/com.termux/files/home/01.civilization-system/01.civilization-os/020.architecture/030.player/030_PLAYER_HEALTH_ARCHITECTURE.md
MISSING :: /data/data/com.termux/files/home/01.civilization-system/01.civilization-os/020.architecture/030.player/031_PLAYER_MODEL_ARCHITECTURE.md
MISSING :: /data/data/com.termux/files/home/01.civilization-system/01.civilization-os/020.architecture/030.player/032_EXAM_ARCHITECTURE.md
MISSING :: /data/data/com.termux/files/home/01.civilization-system/01.civilization-os/020.architecture/030.player/033_FAMILY_ARCHITECTURE.md
MISSING :: /data/data/com.termux/files/home/01.civilization-system/01.civilization-os/020.architecture/030.player/034_BIRTH_RATE_ARCHITECTURE.md
MISSING :: /data/data/com.termux/files/home/01.civilization-system/01.civilization-os/020.architecture/030.player/035_IMMIGRATION_ARCHITECTURE.md
MISSING :: /data/data/com.termux/files/home/01.civilization-system/01.civilization-os/020.architecture/030.player/036_PLAYER_DECISION_ARCHITECTURE.md
MISSING :: /data/data/com.termux/files/home/01.civilization-system/01.civilization-os/020.architecture/030.player/037_WORLD_ARCHITECTURE.md
MISSING :: /data/data/com.termux/files/home/01.civilization-system/01.civilization-os/020.architecture/030.player/038_MULTI_WORLD_ARCHITECTURE.md
MISSING :: /data/data/com.termux/files/home/01.civilization-system/01.civilization-os/020.architecture/030.player/039_PLAYER_ACTION_ARCHITECTURE.md
MISSING :: /data/data/com.termux/files/home/01.civilization-system/01.civilization-os/020.architecture/030.player/040_EDUCATION_ARCHITECTURE.md
MISSING :: /data/data/com.termux/files/home/01.civilization-system/01.civilization-os/020.architecture/030.player/041_PLAYER_SKILL_ARCHITECTURE.md
MISSING :: /data/data/com.termux/files/home/01.civilization-system/01.civilization-os/020.architecture/030.player/042_LOYALTY_ARCHITECTURE.md
MISSING :: /data/data/com.termux/files/home/01.civilization-system/01.civilization-os/020.architecture/030.player/043_PLAYER_STATE_ARCHITECTURE.md
MISSING :: /data/data/com.termux/files/home/01.civilization-system/01.civilization-os/020.architecture/030.player/044_PLAYER_EMOTION_ARCHITECTURE.md
MISSING :: /data/data/com.termux/files/home/01.civilization-system/01.civilization-os/020.architecture/030.player/045_PLAYER_OWNERSHIP_ARCHITECTURE.md
MISSING :: /data/data/com.termux/files/home/01.civilization-system/01.civilization-os/020.architecture/030.player/046_PLAYER_TIME_ALLOCATION_ARCHITECTURE.md
MISSING :: /data/data/com.termux/files/home/01.civilization-system/01.civilization-os/020.architecture/030.player/047_PLAYER_EVENT_CONSUMER_ARCHITECTURE.md
MISSING :: /data/data/com.termux/files/home/01.civilization-system/01.civilization-os/020.architecture/030.player/048_PERSONA_IDENTITY_ARCHITECTURE.md
MISSING :: /data/data/com.termux/files/home/01.civilization-system/01.civilization-os/020.architecture/030.player/049_TIME_ARCHITECTURE.md
MISSING :: /data/data/com.termux/files/home/01.civilization-system/01.civilization-os/020.architecture/030.player/050_PERSONA_CORE_ARCHITECTURE.md
MISSING :: /data/data/com.termux/files/home/01.civilization-system/01.civilization-os/020.architecture/030.player/051_PERSONA_MEMORY_ARCHITECTURE.md
MISSING :: /data/data/com.termux/files/home/01.civilization-system/01.civilization-os/020.architecture/030.player/052_PERSONA_GROWTH_ARCHITECTURE.md
MISSING :: /data/data/com.termux/files/home/01.civilization-system/01.civilization-os/020.architecture/030.player/053_RELATIONSHIP_ARCHITECTURE.md
MISSING :: /data/data/com.termux/files/home/01.civilization-system/01.civilization-os/020.architecture/030.player/054_PLAYER_INTERACTION_ARCHITECTURE.md
MISSING :: /data/data/com.termux/files/home/01.civilization-system/01.civilization-os/020.architecture/040.persona/041_PERSONA_SNAPSHOT_ARCHITECTURE.md
MISSING :: /data/data/com.termux/files/home/01.civilization-system/01.civilization-os/020.architecture/040.persona/042_PERSONALITY_EVOLUTION_ARCHITECTURE.md
MISSING :: /data/data/com.termux/files/home/01.civilization-system/01.civilization-os/020.architecture/040.persona/043_PERSONA_LICENSE_ARCHITECTURE.md
MISSING :: /data/data/com.termux/files/home/01.civilization-system/01.civilization-os/020.architecture/040.persona/043_RELATIONSHIP_SYSTEM_ARCHITECTURE.md
MISSING :: /data/data/com.termux/files/home/01.civilization-system/01.civilization-os/020.architecture/040.persona/120_LIFE_EVENT_ARCHITECTURE.md
MISSING :: /data/data/com.termux/files/home/01.civilization-system/01.civilization-os/020.architecture/040.persona/130_LIFE_EXPECTANCY_ARCHITECTURE.md
MISSING :: /data/data/com.termux/files/home/01.civilization-system/01.civilization-os/020.architecture/040.persona/140_RELATIONSHIP_ARCHITECTURE.md
MISSING :: /data/data/com.termux/files/home/01.civilization-system/01.civilization-os/020.architecture/040.persona/141_EDUCATION_DEPTH_ARCHITECTURE.md
MISSING :: /data/data/com.termux/files/home/01.civilization-system/01.civilization-os/020.architecture/040.persona/142_SKILL_GROWTH_ARCHITECTURE.md
MISSING :: /data/data/com.termux/files/home/01.civilization-system/01.civilization-os/020.architecture/040.persona/143_REINCARNATION_ARCHITECTURE.md
MISSING :: /data/data/com.termux/files/home/01.civilization-system/01.civilization-os/020.architecture/045.education/045_EDUCATION_OVERVIEW_ARCHITECTURE.md
MISSING :: /data/data/com.termux/files/home/01.civilization-system/01.civilization-os/020.architecture/045.education/046_SCHOOL_ARCHITECTURE.md
MISSING :: /data/data/com.termux/files/home/01.civilization-system/01.civilization-os/020.architecture/045.education/047_ENTRANCE_EXAM_ARCHITECTURE.md
MISSING :: /data/data/com.termux/files/home/01.civilization-system/01.civilization-os/020.architecture/045.education/048_TRAINING_ARCHITECTURE.md
MISSING :: /data/data/com.termux/files/home/01.civilization-system/01.civilization-os/020.architecture/045.education/049_RECOMMENDATION_ARCHITECTURE.md
MISSING :: /data/data/com.termux/files/home/01.civilization-system/01.civilization-os/020.architecture/045.education/050_CERTIFICATION_EXAM_ARCHITECTURE.md
MISSING :: /data/data/com.termux/files/home/01.civilization-system/01.civilization-os/020.architecture/046.career/046_CAREER_OVERVIEW_ARCHITECTURE.md
MISSING :: /data/data/com.termux/files/home/01.civilization-system/01.civilization-os/020.architecture/046.career/047_JOB_APPLICATION_ARCHITECTURE.md
MISSING :: /data/data/com.termux/files/home/01.civilization-system/01.civilization-os/020.architecture/046.career/048_RECRUITMENT_POLICY_ARCHITECTURE.md
MISSING :: /data/data/com.termux/files/home/01.civilization-system/01.civilization-os/020.architecture/046.career/049_INTERVIEW_ARCHITECTURE.md
MISSING :: /data/data/com.termux/files/home/01.civilization-system/01.civilization-os/020.architecture/046.career/050_HIRING_ARCHITECTURE.md
MISSING :: /data/data/com.termux/files/home/01.civilization-system/01.civilization-os/020.architecture/046.career/051_INTERNSHIP_ARCHITECTURE.md
MISSING :: /data/data/com.termux/files/home/01.civilization-system/01.civilization-os/020.architecture/047.reward/047_REWARD_OVERVIEW_ARCHITECTURE.md
MISSING :: /data/data/com.termux/files/home/01.civilization-system/01.civilization-os/020.architecture/047.reward/048_LOGIN_BONUS_ARCHITECTURE.md
MISSING :: /data/data/com.termux/files/home/01.civilization-system/01.civilization-os/020.architecture/050.economy/060_CITIZENSHIP_ARCHITECTURE.md
MISSING :: /data/data/com.termux/files/home/01.civilization-system/01.civilization-os/020.architecture/050.economy/061_CURRENCY_ARCHITECTURE.md
MISSING :: /data/data/com.termux/files/home/01.civilization-system/01.civilization-os/020.architecture/050.economy/062_BANK_ARCHITECTURE.md
MISSING :: /data/data/com.termux/files/home/01.civilization-system/01.civilization-os/020.architecture/050.economy/063_EMPLOYMENT_ARCHITECTURE.md
MISSING :: /data/data/com.termux/files/home/01.civilization-system/01.civilization-os/020.architecture/050.economy/064_MARKET_ARCHITECTURE.md
MISSING :: /data/data/com.termux/files/home/01.civilization-system/01.civilization-os/020.architecture/050.economy/065_COMPANY_ARCHITECTURE.md
MISSING :: /data/data/com.termux/files/home/01.civilization-system/01.civilization-os/020.architecture/050.economy/066_STOCK_ARCHITECTURE.md
MISSING :: /data/data/com.termux/files/home/01.civilization-system/01.civilization-os/020.architecture/050.economy/067_MA_TOB_ARCHITECTURE.md
MISSING :: /data/data/com.termux/files/home/01.civilization-system/01.civilization-os/020.architecture/050.economy/068_INTERFACE_ARCHITECTURE.md
MISSING :: /data/data/com.termux/files/home/01.civilization-system/01.civilization-os/020.architecture/050.economy/069_EXCHANGE_ARCHITECTURE.md
MISSING :: /data/data/com.termux/files/home/01.civilization-system/01.civilization-os/020.architecture/050.economy/070_NATIONAL_TREASURY_ARCHITECTURE.md
MISSING :: /data/data/com.termux/files/home/01.civilization-system/01.civilization-os/020.architecture/050.economy/071_REVENUE_LEDGER_ARCHITECTURE.md
MISSING :: /data/data/com.termux/files/home/01.civilization-system/01.civilization-os/020.architecture/050.economy/072_SYSTEM_OBSERVABILITY_ARCHITECTURE.md
MISSING :: /data/data/com.termux/files/home/01.civilization-system/01.civilization-os/020.architecture/050.economy/073_ECONOMY_ARCHITECTURE.md
MISSING :: /data/data/com.termux/files/home/01.civilization-system/01.civilization-os/020.architecture/050.economy/074_LEARNING_CONTENT_ARCHITECTURE.md
MISSING :: /data/data/com.termux/files/home/01.civilization-system/01.civilization-os/020.architecture/050.economy/075_STOCK_HOLDING_ARCHITECTURE.md
MISSING :: /data/data/com.termux/files/home/01.civilization-system/01.civilization-os/020.architecture/050.economy/076_ACCESS_ITEM_ARCHITECTURE.md
MISSING :: /data/data/com.termux/files/home/01.civilization-system/01.civilization-os/020.architecture/050.economy/051_EFFECT_TYPE_DEFINITION_ARCHITECTURE.md
MISSING :: /data/data/com.termux/files/home/01.civilization-system/01.civilization-os/020.architecture/050.economy/053_PRODUCT_GROUP_ARCHITECTURE.md
MISSING :: /data/data/com.termux/files/home/01.civilization-system/01.civilization-os/020.architecture/050.economy/054_NATIONAL_CURRENCY_ARCHITECTURE.md
MISSING :: /data/data/com.termux/files/home/01.civilization-system/01.civilization-os/020.architecture/050.economy/056_DIVIDEND_MODEL_ARCHITECTURE.md
MISSING :: /data/data/com.termux/files/home/01.civilization-system/01.civilization-os/020.architecture/050.economy/058_STOCK_UNIT_ARCHITECTURE.md
MISSING :: /data/data/com.termux/files/home/01.civilization-system/01.civilization-os/020.architecture/050.economy/059_PERSONA_MARKETPLACE_ARCHITECTURE.md
MISSING :: /data/data/com.termux/files/home/01.civilization-system/01.civilization-os/020.architecture/050.economy/061_ACCELERATION_RULE_ARCHITECTURE.md
MISSING :: /data/data/com.termux/files/home/01.civilization-system/01.civilization-os/020.architecture/050.economy/064_USAGE_VALUE_CALCULATION_ARCHITECTURE.md
MISSING :: /data/data/com.termux/files/home/01.civilization-system/01.civilization-os/020.architecture/050.economy/066_LICENSE_REVENUE_MODEL_ARCHITECTURE.md
MISSING :: /data/data/com.termux/files/home/01.civilization-system/01.civilization-os/020.architecture/050.economy/069_REWARD_DISTRIBUTION_DB_ARCHITECTURE.md
MISSING :: /data/data/com.termux/files/home/01.civilization-system/01.civilization-os/020.architecture/050.economy/070_PERSONA_DOMAIN_STAT_ARCHITECTURE.md
MISSING :: /data/data/com.termux/files/home/01.civilization-system/01.civilization-os/020.architecture/050.economy/072_STAT_OVERFLOW_ARCHITECTURE.md
MISSING :: /data/data/com.termux/files/home/01.civilization-system/01.civilization-os/020.architecture/050.economy/073_EQUIPMENT_SYSTEM_ARCHITECTURE.md
MISSING :: /data/data/com.termux/files/home/01.civilization-system/01.civilization-os/020.architecture/050.economy/074_LIMIT_BREAK_ARCHITECTURE.md
MISSING :: /data/data/com.termux/files/home/01.civilization-system/01.civilization-os/020.architecture/050.economy/075_TRAINING_SYSTEM_ARCHITECTURE.md
MISSING :: /data/data/com.termux/files/home/01.civilization-system/01.civilization-os/020.architecture/050.economy/076_SKILL_SYSTEM_ARCHITECTURE.md
MISSING :: /data/data/com.termux/files/home/01.civilization-system/01.civilization-os/020.architecture/050.economy/077_REINCARNATION_SKILL_ARCHITECTURE.md
MISSING :: /data/data/com.termux/files/home/01.civilization-system/01.civilization-os/020.architecture/050.economy/079_EXAM_TICKET_ARCHITECTURE.md
MISSING :: /data/data/com.termux/files/home/01.civilization-system/01.civilization-os/020.architecture/050.economy/080_SCHOOL_SYSTEM_ARCHITECTURE.md
MISSING :: /data/data/com.termux/files/home/01.civilization-system/01.civilization-os/020.architecture/050.economy/081_COMPANY_HIRING_ARCHITECTURE.md
MISSING :: /data/data/com.termux/files/home/01.civilization-system/01.civilization-os/020.architecture/050.economy/082_INCOME_SYSTEM_ARCHITECTURE.md
MISSING :: /data/data/com.termux/files/home/01.civilization-system/01.civilization-os/020.architecture/050.economy/083_VALUE_CONTROL_ARCHITECTURE.md
MISSING :: /data/data/com.termux/files/home/01.civilization-system/01.civilization-os/020.architecture/050.economy/084_EVALUATION_SYSTEM_ARCHITECTURE.md
MISSING :: /data/data/com.termux/files/home/01.civilization-system/01.civilization-os/020.architecture/050.economy/085_CAREER_PATH_ARCHITECTURE.md
MISSING :: /data/data/com.termux/files/home/01.civilization-system/01.civilization-os/020.architecture/050.economy/086_EXPENSE_SYSTEM_ARCHITECTURE.md
MISSING :: /data/data/com.termux/files/home/01.civilization-system/01.civilization-os/020.architecture/050.economy/087_LOCATION_COST_ARCHITECTURE.md
MISSING :: /data/data/com.termux/files/home/01.civilization-system/01.civilization-os/020.architecture/050.economy/088_MARKET_SYSTEM_ARCHITECTURE.md
MISSING :: /data/data/com.termux/files/home/01.civilization-system/01.civilization-os/020.architecture/050.economy/090_ECONOMIC_CYCLE_ARCHITECTURE.md
MISSING :: /data/data/com.termux/files/home/01.civilization-system/01.civilization-os/020.architecture/050.economy/130_COMPANY_AI_ARCHITECTURE.md
MISSING :: /data/data/com.termux/files/home/01.civilization-system/01.civilization-os/020.architecture/050.economy/131_BANKRUPTCY_ARCHITECTURE.md
MISSING :: /data/data/com.termux/files/home/01.civilization-system/01.civilization-os/020.architecture/050.economy/140_COMPANY_STRATEGY_ARCHITECTURE.md
MISSING :: /data/data/com.termux/files/home/01.civilization-system/01.civilization-os/020.architecture/050.economy/150_CONTENT_SUPPLY_ARCHITECTURE.md
MISSING :: /data/data/com.termux/files/home/01.civilization-system/01.civilization-os/020.architecture/060.law/100_LAW_OVERVIEW_ARCHITECTURE.md
MISSING :: /data/data/com.termux/files/home/01.civilization-system/01.civilization-os/020.architecture/060.law/101_LEGAL_ENTITY_ARCHITECTURE.md
MISSING :: /data/data/com.termux/files/home/01.civilization-system/01.civilization-os/020.architecture/060.law/102_CONTRACT_ARCHITECTURE.md
MISSING :: /data/data/com.termux/files/home/01.civilization-system/01.civilization-os/020.architecture/060.law/103_LIABILITY_ARCHITECTURE.md
MISSING :: /data/data/com.termux/files/home/01.civilization-system/01.civilization-os/020.architecture/060.law/104_DISPUTE_ARCHITECTURE.md
MISSING :: /data/data/com.termux/files/home/01.civilization-system/01.civilization-os/020.architecture/060.law/105_COURT_ARCHITECTURE.md
MISSING :: /data/data/com.termux/files/home/01.civilization-system/01.civilization-os/020.architecture/060.law/106_CRIME_ARCHITECTURE.md
MISSING :: /data/data/com.termux/files/home/01.civilization-system/01.civilization-os/020.architecture/060.law/107_PENALTY_ARCHITECTURE.md
MISSING :: /data/data/com.termux/files/home/01.civilization-system/01.civilization-os/020.architecture/060.law/108_COMPLIANCE_ARCHITECTURE.md
MISSING :: /data/data/com.termux/files/home/01.civilization-system/01.civilization-os/020.architecture/060.law/109_LEGAL_OBSERVABILITY_ARCHITECTURE.md
MISSING :: /data/data/com.termux/files/home/01.civilization-system/01.civilization-os/020.architecture/060.law/111_IDEOLOGY_AND_CONTROL_ARCHITECTURE.md
MISSING :: /data/data/com.termux/files/home/01.civilization-system/01.civilization-os/020.architecture/060.law/112_CONTENT_RATING_ARCHITECTURE.md
MISSING :: /data/data/com.termux/files/home/01.civilization-system/01.civilization-os/020.architecture/060.law/120_SECURITY_ARCHITECTURE.md
MISSING :: /data/data/com.termux/files/home/01.civilization-system/01.civilization-os/020.architecture/060.law/121_SIGNATURE_ARCHITECTURE.md
MISSING :: /data/data/com.termux/files/home/01.civilization-system/01.civilization-os/020.architecture/060.law/123_CRIMINAL_ENTITY_ARCHITECTURE.md
MISSING :: /data/data/com.termux/files/home/01.civilization-system/01.civilization-os/020.architecture/060.law/124_TERRORISM_ARCHITECTURE.md
MISSING :: /data/data/com.termux/files/home/01.civilization-system/01.civilization-os/020.architecture/060.law/125_CIVIL_UNREST_ARCHITECTURE.md
MISSING :: /data/data/com.termux/files/home/01.civilization-system/01.civilization-os/020.architecture/060.law/126_COUP_ARCHITECTURE.md
MISSING :: /data/data/com.termux/files/home/01.civilization-system/01.civilization-os/020.architecture/060.law/127_STATE_SECURITY_ARCHITECTURE.md
MISSING :: /data/data/com.termux/files/home/01.civilization-system/01.civilization-os/020.architecture/060.law/128_INTELLIGENCE_ARCHITECTURE.md
MISSING :: /data/data/com.termux/files/home/01.civilization-system/01.civilization-os/020.architecture/060.law/129_SECURITY_INTERACTION_ARCHITECTURE.md
MISSING :: /data/data/com.termux/files/home/01.civilization-system/01.civilization-os/020.architecture/060.law/130_COLLAPSE_TRIGGER_ARCHITECTURE.md
MISSING :: /data/data/com.termux/files/home/01.civilization-system/01.civilization-os/020.architecture/060.law/131_DIPLOMACY_ARCHITECTURE.md
MISSING :: /data/data/com.termux/files/home/01.civilization-system/01.civilization-os/020.architecture/060.law/132_ALLIANCE_ARCHITECTURE.md
MISSING :: /data/data/com.termux/files/home/01.civilization-system/01.civilization-os/020.architecture/070.security/100_SECURITY_OVERVIEW_ARCHITECTURE.md
MISSING :: /data/data/com.termux/files/home/01.civilization-system/01.civilization-os/020.architecture/070.security/101_IDENTITY_AUTH_ARCHITECTURE.md
MISSING :: /data/data/com.termux/files/home/01.civilization-system/01.civilization-os/020.architecture/070.security/102_AUTHORIZATION_ARCHITECTURE.md
MISSING :: /data/data/com.termux/files/home/01.civilization-system/01.civilization-os/020.architecture/070.security/103_ACCESS_CONTROL_ARCHITECTURE.md
MISSING :: /data/data/com.termux/files/home/01.civilization-system/01.civilization-os/020.architecture/070.security/104_ISOLATION_ARCHITECTURE.md
MISSING :: /data/data/com.termux/files/home/01.civilization-system/01.civilization-os/020.architecture/070.security/105_INPUT_VALIDATION_ARCHITECTURE.md
MISSING :: /data/data/com.termux/files/home/01.civilization-system/01.civilization-os/020.architecture/070.security/106_POLICY_ENFORCEMENT_ARCHITECTURE.md
MISSING :: /data/data/com.termux/files/home/01.civilization-system/01.civilization-os/020.architecture/070.security/107_INTRUSION_DETECTION_ARCHITECTURE.md
MISSING :: /data/data/com.termux/files/home/01.civilization-system/01.civilization-os/020.architecture/070.security/108_INCIDENT_RESPONSE_ARCHITECTURE.md
MISSING :: /data/data/com.termux/files/home/01.civilization-system/01.civilization-os/020.architecture/070.security/109_SECURITY_OBSERVABILITY_ARCHITECTURE.md
MISSING :: /data/data/com.termux/files/home/01.civilization-system/01.civilization-os/020.architecture/050.government/080_GOVERNMENT_ARCHITECTURE.md
MISSING :: /data/data/com.termux/files/home/01.civilization-system/01.civilization-os/020.architecture/050.government/081_NATION_ARCHITECTURE.md
MISSING :: /data/data/com.termux/files/home/01.civilization-system/01.civilization-os/020.architecture/050.government/081_NATION_SYSTEM_ARCHITECTURE.md
MISSING :: /data/data/com.termux/files/home/01.civilization-system/01.civilization-os/020.architecture/050.government/082_POLICY_ARCHITECTURE.md
MISSING :: /data/data/com.termux/files/home/01.civilization-system/01.civilization-os/020.architecture/050.government/083_TAXATION_ARCHITECTURE.md
MISSING :: /data/data/com.termux/files/home/01.civilization-system/01.civilization-os/020.architecture/050.government/084_ELECTION_ARCHITECTURE.md
MISSING :: /data/data/com.termux/files/home/01.civilization-system/01.civilization-os/020.architecture/050.government/085_PUBLIC_OFFICE_ARCHITECTURE.md
MISSING :: /data/data/com.termux/files/home/01.civilization-system/01.civilization-os/020.architecture/050.government/086_BUDGET_ARCHITECTURE.md
MISSING :: /data/data/com.termux/files/home/01.civilization-system/01.civilization-os/020.architecture/050.government/087_DIPLOMACY_ARCHITECTURE.md
MISSING :: /data/data/com.termux/files/home/01.civilization-system/01.civilization-os/020.architecture/050.government/088_REGULATION_ARCHITECTURE.md
MISSING :: /data/data/com.termux/files/home/01.civilization-system/01.civilization-os/020.architecture/050.government/089_GOVERNMENT_OBSERVABILITY_ARCHITECTURE.md
MISSING :: /data/data/com.termux/files/home/01.civilization-system/01.civilization-os/020.architecture/050.government/090_GOVERNMENT_OVERVIEW_ARCHITECTURE.md
MISSING :: /data/data/com.termux/files/home/01.civilization-system/01.civilization-os/020.architecture/050.government/090_TAX_ARCHITECTURE.md
MISSING :: /data/data/com.termux/files/home/01.civilization-system/01.civilization-os/020.architecture/050.government/091_LAW_ARCHITECTURE.md
MISSING :: /data/data/com.termux/files/home/01.civilization-system/01.civilization-os/020.architecture/050.government/092_ELECTION_ARCHITECTURE.md
MISSING :: /data/data/com.termux/files/home/01.civilization-system/01.civilization-os/020.architecture/050.government/093_PARTY_ARCHITECTURE.md
MISSING :: /data/data/com.termux/files/home/01.civilization-system/01.civilization-os/020.architecture/050.government/094_PARLIAMENT_ARCHITECTURE.md
MISSING :: /data/data/com.termux/files/home/01.civilization-system/01.civilization-os/020.architecture/050.government/095_GOVERNMENT_STRUCTURE_ARCHITECTURE.md
MISSING :: /data/data/com.termux/files/home/01.civilization-system/01.civilization-os/020.architecture/050.government/096_PUBLIC_OFFICE_ARCHITECTURE.md
MISSING :: /data/data/com.termux/files/home/01.civilization-system/01.civilization-os/020.architecture/050.government/097_JUDICIARY_ARCHITECTURE.md
MISSING :: /data/data/com.termux/files/home/01.civilization-system/01.civilization-os/020.architecture/050.government/098_BAIL_ARCHITECTURE.md
MISSING :: /data/data/com.termux/files/home/01.civilization-system/01.civilization-os/020.architecture/050.government/099_PRISON_ARCHITECTURE.md
MISSING :: /data/data/com.termux/files/home/01.civilization-system/01.civilization-os/020.architecture/050.government/100_POLICE_ARCHITECTURE.md
MISSING :: /data/data/com.termux/files/home/01.civilization-system/01.civilization-os/020.architecture/050.government/101_LAW_EDITOR_ARCHITECTURE.md
MISSING :: /data/data/com.termux/files/home/01.civilization-system/01.civilization-os/020.architecture/050.government/080_GOVERNMENT_ARCHITECTURE.md
MISSING :: /data/data/com.termux/files/home/01.civilization-system/01.civilization-os/020.architecture/050.government/082_POLICY_ARCHITECTURE.md
MISSING :: /data/data/com.termux/files/home/01.civilization-system/01.civilization-os/020.architecture/050.government/083_TAXATION_ARCHITECTURE.md
MISSING :: /data/data/com.termux/files/home/01.civilization-system/01.civilization-os/020.architecture/050.government/084_ELECTION_ARCHITECTURE.md
MISSING :: /data/data/com.termux/files/home/01.civilization-system/01.civilization-os/020.architecture/050.government/093_PARTY_ARCHITECTURE.md
MISSING :: /data/data/com.termux/files/home/01.civilization-system/01.civilization-os/020.architecture/050.government/094_PARLIAMENT_ARCHITECTURE.md
MISSING :: /data/data/com.termux/files/home/01.civilization-system/01.civilization-os/020.architecture/050.government/085_PUBLIC_OFFICE_ARCHITECTURE.md
MISSING :: /data/data/com.termux/files/home/01.civilization-system/01.civilization-os/020.architecture/050.government/086_BUDGET_ARCHITECTURE.md
MISSING :: /data/data/com.termux/files/home/01.civilization-system/01.civilization-os/020.architecture/050.government/087_DIPLOMACY_ARCHITECTURE.md
MISSING :: /data/data/com.termux/files/home/01.civilization-system/01.civilization-os/020.architecture/050.government/088_REGULATION_ARCHITECTURE.md
MISSING :: /data/data/com.termux/files/home/01.civilization-system/01.civilization-os/020.architecture/050.government/089_GOVERNMENT_OBSERVABILITY_ARCHITECTURE.md
MISSING :: /data/data/com.termux/files/home/01.civilization-system/01.civilization-os/020.architecture/080.war/080_WAR_OVERVIEW_ARCHITECTURE.md
MISSING :: /data/data/com.termux/files/home/01.civilization-system/01.civilization-os/020.architecture/080.war/081_WAR_AUTHORITY_ARCHITECTURE.md
MISSING :: /data/data/com.termux/files/home/01.civilization-system/01.civilization-os/020.architecture/080.war/082_WAR_DECLARATION_ARCHITECTURE.md
MISSING :: /data/data/com.termux/files/home/01.civilization-system/01.civilization-os/020.architecture/080.war/083_MOBILIZATION_ARCHITECTURE.md
MISSING :: /data/data/com.termux/files/home/01.civilization-system/01.civilization-os/020.architecture/080.war/084_MILITARY_FORCE_ARCHITECTURE.md
MISSING :: /data/data/com.termux/files/home/01.civilization-system/01.civilization-os/020.architecture/080.war/085_LOGISTICS_ARCHITECTURE.md
MISSING :: /data/data/com.termux/files/home/01.civilization-system/01.civilization-os/020.architecture/080.war/086_ALLIANCE_ACTIVATION_ARCHITECTURE.md
MISSING :: /data/data/com.termux/files/home/01.civilization-system/01.civilization-os/020.architecture/080.war/087_WAR_RESOLUTION_ARCHITECTURE.md
MISSING :: /data/data/com.termux/files/home/01.civilization-system/01.civilization-os/020.architecture/080.war/088_WAR_IMPACT_ARCHITECTURE.md
MISSING :: /data/data/com.termux/files/home/01.civilization-system/01.civilization-os/020.architecture/080.war/089_CEASEFIRE_AND_PEACE_ARCHITECTURE.md
MISSING :: /data/data/com.termux/files/home/01.civilization-system/01.civilization-os/020.architecture/080.war/090_RECONSTRUCTION_ARCHITECTURE.md
MISSING :: /data/data/com.termux/files/home/01.civilization-system/01.civilization-os/020.architecture/080.war/091_DETERRENCE_ARCHITECTURE.md
MISSING :: /data/data/com.termux/files/home/01.civilization-system/01.civilization-os/020.architecture/080.war/092_WAR_OBSERVABILITY_ARCHITECTURE.md
MISSING :: /data/data/com.termux/files/home/01.civilization-system/01.civilization-os/020.architecture/080.war/150_CIVIL_WAR_ARCHITECTURE.md
MISSING :: /data/data/com.termux/files/home/01.civilization-system/01.civilization-os/020.architecture/080.war/151_INTERNATIONAL_TRADE_ARCHITECTURE.md
MISSING :: /data/data/com.termux/files/home/01.civilization-system/01.civilization-os/020.architecture/080.war/152_WAR_ARCHITECTURE.md
MISSING :: /data/data/com.termux/files/home/01.civilization-system/01.civilization-os/020.architecture/080.war/153_WAR_SYSTEM_ARCHITECTURE.md
MISSING :: /data/data/com.termux/files/home/01.civilization-system/01.civilization-os/020.architecture/080.war/154_WAR_DECLARATION_ARCHITECTURE.md
MISSING :: /data/data/com.termux/files/home/01.civilization-system/01.civilization-os/020.architecture/080.war/155_MILITARY_ARCHITECTURE.md
MISSING :: /data/data/com.termux/files/home/01.civilization-system/01.civilization-os/020.architecture/080.war/156_WAR_OUTCOME_ARCHITECTURE.md
MISSING :: /data/data/com.termux/files/home/01.civilization-system/01.civilization-os/020.architecture/080.war/157_INTERNATIONAL_CRISIS_ARCHITECTURE.md
MISSING :: /data/data/com.termux/files/home/01.civilization-system/01.civilization-os/020.architecture/080.war/158_GLOBAL_BALANCE_ARCHITECTURE.md
MISSING :: /data/data/com.termux/files/home/01.civilization-system/01.civilization-os/020.architecture/080.war/159_SOVEREIGNTY_ARCHITECTURE.md
MISSING :: /data/data/com.termux/files/home/01.civilization-system/01.civilization-os/020.architecture/080.war/160_WAR_OVERVIEW_ARCHITECTURE.md
MISSING :: /data/data/com.termux/files/home/01.civilization-system/01.civilization-os/020.architecture/080.war/161_WAR_MODEL_ARCHITECTURE.md
MISSING :: /data/data/com.termux/files/home/01.civilization-system/01.civilization-os/020.architecture/080.war/080_WAR_OVERVIEW_ARCHITECTURE.md
MISSING :: /data/data/com.termux/files/home/01.civilization-system/01.civilization-os/020.architecture/080.war/081_WAR_AUTHORITY_ARCHITECTURE.md
MISSING :: /data/data/com.termux/files/home/01.civilization-system/01.civilization-os/020.architecture/080.war/082_WAR_DECLARATION_ARCHITECTURE.md
MISSING :: /data/data/com.termux/files/home/01.civilization-system/01.civilization-os/020.architecture/080.war/084_MILITARY_FORCE_ARCHITECTURE.md
MISSING :: /data/data/com.termux/files/home/01.civilization-system/01.civilization-os/020.architecture/080.war/087_WAR_RESOLUTION_ARCHITECTURE.md
MISSING :: /data/data/com.termux/files/home/01.civilization-system/01.civilization-os/020.architecture/080.war/088_WAR_IMPACT_ARCHITECTURE.md
MISSING :: /data/data/com.termux/files/home/01.civilization-system/01.civilization-os/020.architecture/080.war/090_RECONSTRUCTION_ARCHITECTURE.md
MISSING :: /data/data/com.termux/files/home/01.civilization-system/01.civilization-os/020.architecture/080.war/150_CIVIL_WAR_ARCHITECTURE.md
MISSING :: /data/data/com.termux/files/home/01.civilization-system/01.civilization-os/020.architecture/080.war/157_INTERNATIONAL_CRISIS_ARCHITECTURE.md
MISSING :: /data/data/com.termux/files/home/01.civilization-system/01.civilization-os/020.architecture/090.runtime/180_LIFE_EVENT_ARCHITECTURE.md
MISSING :: /data/data/com.termux/files/home/01.civilization-system/01.civilization-os/020.architecture/090.runtime/180_RUNTIME_OVERVIEW_ARCHITECTURE.md
MISSING :: /data/data/com.termux/files/home/01.civilization-system/01.civilization-os/020.architecture/090.runtime/181_RUNTIME_ARCHITECTURE.md
MISSING :: /data/data/com.termux/files/home/01.civilization-system/01.civilization-os/020.architecture/090.runtime/182_RUNTIME_OBSERVABILITY_ARCHITECTURE.md
MISSING :: /data/data/com.termux/files/home/01.civilization-system/01.civilization-os/020.architecture/090.runtime/183_EVENT_ENGINE_ARCHITECTURE.md
MISSING :: /data/data/com.termux/files/home/01.civilization-system/01.civilization-os/020.architecture/090.runtime/184_EVENT_PIPELINE_ARCHITECTURE.md
MISSING :: /data/data/com.termux/files/home/01.civilization-system/01.civilization-os/020.architecture/090.runtime/185_EVENT_REGISTRY_ARCHITECTURE.md
MISSING :: /data/data/com.termux/files/home/01.civilization-system/01.civilization-os/020.architecture/090.runtime/186_EXECUTION_ENGINE_ARCHITECTURE.md
MISSING :: /data/data/com.termux/files/home/01.civilization-system/01.civilization-os/020.architecture/090.runtime/187_ORCHESTRATION_ARCHITECTURE.md
MISSING :: /data/data/com.termux/files/home/01.civilization-system/01.civilization-os/020.architecture/090.runtime/188_NOTIFICATION_ARCHITECTURE.md
MISSING :: /data/data/com.termux/files/home/01.civilization-system/01.civilization-os/020.architecture/090.runtime/189_LOGGING_ARCHITECTURE.md
MISSING :: /data/data/com.termux/files/home/01.civilization-system/01.civilization-os/020.architecture/090.runtime/190_PERMISSION_ARCHITECTURE.md
MISSING :: /data/data/com.termux/files/home/01.civilization-system/01.civilization-os/020.architecture/090.runtime/191_DATA_ARCHITECTURE.md
MISSING :: /data/data/com.termux/files/home/01.civilization-system/01.civilization-os/020.architecture/090.runtime/192_INTEGRATION_ARCHITECTURE.md
MISSING :: /data/data/com.termux/files/home/01.civilization-system/01.civilization-os/020.architecture/090.runtime/193_EVENT_CONTROL_ARCHITECTURE.md
MISSING :: /data/data/com.termux/files/home/01.civilization-system/01.civilization-os/020.architecture/030.runtime/130_TIME_SYSTEM_ARCHITECTURE.md
MISSING :: /data/data/com.termux/files/home/01.civilization-system/01.civilization-os/020.architecture/090.meta/100_WIN_CONDITION_ARCHITECTURE.md
MISSING :: /data/data/com.termux/files/home/01.civilization-system/01.civilization-os/020.architecture/090.meta/110_SEASON_RANKING_ARCHITECTURE.md
MISSING :: /data/data/com.termux/files/home/01.civilization-system/01.civilization-os/020.architecture/090.meta/120_UI_VISIBILITY_ARCHITECTURE.md
MISSING :: /data/data/com.termux/files/home/01.civilization-system/01.civilization-os/020.architecture/090.meta/121_PVP_POLICY_ARCHITECTURE.md
MISSING :: /data/data/com.termux/files/home/01.civilization-system/01.civilization-os/020.architecture/090.meta/122_DATA_VISIBILITY_ARCHITECTURE.md
MISSING :: /data/data/com.termux/files/home/01.civilization-system/01.civilization-os/020.architecture/090.meta/123_DIFFICULTY_ARCHITECTURE.md
MISSING :: /data/data/com.termux/files/home/01.civilization-system/01.civilization-os/020.architecture/090.meta/150_SEASON_CONTROL_ARCHITECTURE.md
MISSING :: /data/data/com.termux/files/home/01.civilization-system/01.civilization-os/020.architecture/100.interface/210_APPLICATION_LAYER_ARCHITECTURE.md
MISSING :: /data/data/com.termux/files/home/01.civilization-system/01.civilization-os/020.architecture/100.interface/210_INTERFACE_OVERVIEW_ARCHITECTURE.md
MISSING :: /data/data/com.termux/files/home/01.civilization-system/01.civilization-os/020.architecture/100.interface/211_APPLICATION_LAYER_ARCHITECTURE.md
MISSING :: /data/data/com.termux/files/home/01.civilization-system/01.civilization-os/020.architecture/100.interface/211_WEB_APPLICATION_ARCHITECTURE.md
MISSING :: /data/data/com.termux/files/home/01.civilization-system/01.civilization-os/020.architecture/100.interface/212_UI_LAYER_ARCHITECTURE.md
MISSING :: /data/data/com.termux/files/home/01.civilization-system/01.civilization-os/020.architecture/100.interface/212_WEB_APPLICATION_ARCHITECTURE.md
MISSING :: /data/data/com.termux/files/home/01.civilization-system/01.civilization-os/020.architecture/100.interface/213_EXAM_DELIVERY_ARCHITECTURE.md
MISSING :: /data/data/com.termux/files/home/01.civilization-system/01.civilization-os/020.architecture/100.interface/213_UI_LAYER_ARCHITECTURE.md
MISSING :: /data/data/com.termux/files/home/01.civilization-system/01.civilization-os/020.architecture/100.interface/214_BUILDING_PLACEMENT_ARCHITECTURE.md
MISSING :: /data/data/com.termux/files/home/01.civilization-system/01.civilization-os/020.architecture/100.interface/214_EXAM_DELIVERY_ARCHITECTURE.md
MISSING :: /data/data/com.termux/files/home/01.civilization-system/01.civilization-os/020.architecture/100.interface/215_BUILDING_PLACEMENT_ARCHITECTURE.md
MISSING :: /data/data/com.termux/files/home/01.civilization-system/01.civilization-os/020.architecture/100.interface/215_GAZETTE_ARCHITECTURE.md
MISSING :: /data/data/com.termux/files/home/01.civilization-system/01.civilization-os/020.architecture/100.interface/216_GAZETTE_DELIVERY_ARCHITECTURE.md
MISSING :: /data/data/com.termux/files/home/01.civilization-system/01.civilization-os/020.architecture/100.interface/216_TIME_CONTROL_ARCHITECTURE.md
MISSING :: /data/data/com.termux/files/home/01.civilization-system/01.civilization-os/020.architecture/100.interface/217_INTERNATIONAL_OVERVIEW_ARCHITECTURE.md
MISSING :: /data/data/com.termux/files/home/01.civilization-system/01.civilization-os/020.architecture/100.interface/217_TIME_CONTROL_ARCHITECTURE.md
MISSING :: /data/data/com.termux/files/home/01.civilization-system/01.civilization-os/020.architecture/100.interface/218_INTERNATIONAL_OVERVIEW_ARCHITECTURE.md
MISSING :: /data/data/com.termux/files/home/01.civilization-system/01.civilization-os/020.architecture/100.interface/210_INTERFACE_OVERVIEW_ARCHITECTURE.md
MISSING :: /data/data/com.termux/files/home/01.civilization-system/01.civilization-os/020.architecture/100.interface/210_APPLICATION_LAYER_ARCHITECTURE.md
MISSING :: /data/data/com.termux/files/home/01.civilization-system/01.civilization-os/020.architecture/100.interface/212_UI_LAYER_ARCHITECTURE.md
MISSING :: /data/data/com.termux/files/home/01.civilization-system/01.civilization-os/020.architecture/100.interface/213_EXAM_DELIVERY_ARCHITECTURE.md
MISSING :: /data/data/com.termux/files/home/01.civilization-system/01.civilization-os/020.architecture/100.interface/214_BUILDING_PLACEMENT_ARCHITECTURE.md
MISSING :: /data/data/com.termux/files/home/01.civilization-system/01.civilization-os/020.architecture/100.interface/215_GAZETTE_ARCHITECTURE.md
MISSING :: /data/data/com.termux/files/home/01.civilization-system/01.civilization-os/020.architecture/100.interface/216_TIME_CONTROL_ARCHITECTURE.md
MISSING :: /data/data/com.termux/files/home/01.civilization-system/01.civilization-os/020.architecture/100.interface/217_INTERNATIONAL_OVERVIEW_ARCHITECTURE.md
