============================================================
AICompanyManager Phase AW DB exact schema draft repair check
============================================================
PASS: /data/data/com.termux/files/home/01.civilization-system/07.applications/03.business-app/AICompanyManager/4600_PHASE_AW_DB_EXACT_SCHEMA_DRAFT_ROADMAP.md
PASS: /data/data/com.termux/files/home/01.civilization-system/07.applications/03.business-app/AICompanyManager/4610_DB_EXACT_SCHEMA_DRAFT.md
PASS: /data/data/com.termux/files/home/01.civilization-system/07.applications/03.business-app/AICompanyManager/4620_DB_TABLE_COLUMN_LEDGER.md
PASS: /data/data/com.termux/files/home/01.civilization-system/07.applications/03.business-app/AICompanyManager/4630_DB_STATUS_ENUM_CANON.md
PASS: /data/data/com.termux/files/home/01.civilization-system/07.applications/03.business-app/AICompanyManager/4640_CSV_IMPORT_EXACT.md
PASS: /data/data/com.termux/files/home/01.civilization-system/07.applications/03.business-app/AICompanyManager/4650_REVIEW_APPROVAL_EXACT.md
PASS: DB reviewer declared
PASS: schema candidate declared
PASS: company table declared
PASS: task ledger table declared
PASS: csv import table declared
PASS: review item table declared
PASS: work_type enum declared
PASS: csv header exact
PASS: manager intake csv rule
PASS: review action exact
------------------------------------------------------------
PASS_COUNT: 16
FAIL_COUNT: 0
RESULT: PHASE_AW_DB_EXACT_SCHEMA_DRAFT_REPAIR_PASS
============================================================
