============================================================
AICompanyManager Phase BE-BH API payload contract check
============================================================
PASS: /data/data/com.termux/files/home/01.civilization-system/07.applications/03.business-app/AICompanyManager/5100_PHASE_BE_BH_API_PAYLOAD_CONTRACT_ROADMAP.md
PASS: /data/data/com.termux/files/home/01.civilization-system/07.applications/03.business-app/AICompanyManager/5110_API_PAYLOAD_EXACT_CANON.md
PASS: /data/data/com.termux/files/home/01.civilization-system/07.applications/03.business-app/AICompanyManager/5120_LOCALSTORAGE_TO_DB_MAPPING.md
PASS: /data/data/com.termux/files/home/01.civilization-system/07.applications/03.business-app/AICompanyManager/5130_SAVE_LOAD_ENDPOINT_CONTRACT.md
PASS: /data/data/com.termux/files/home/01.civilization-system/07.applications/03.business-app/AICompanyManager/5140_CSV_IMPORT_ENDPOINT_CONTRACT.md
PASS: /data/data/com.termux/files/home/01.civilization-system/07.applications/03.business-app/AICompanyManager/5150_REVIEW_APPROVAL_ENDPOINT_CONTRACT.md
PASS: /data/data/com.termux/files/home/01.civilization-system/07.applications/03.business-app/AICompanyManager/5160_API_NO_APPLY_GATE.md
PASS: roadmap API payload
FAIL: common response exact
PASS: company payload exact
PASS: ledger payload exact
PASS: localStorage mapping
PASS: bootstrap endpoint
PASS: company create endpoint
PASS: department create endpoint
PASS: organization create endpoint
PASS: csv preview endpoint
PASS: csv import endpoint
PASS: review approve endpoint
PASS: review reject endpoint
PASS: workflow start endpoint
PASS: API no implementation gate
------------------------------------------------------------
PASS_COUNT: 21
FAIL_COUNT: 1
RESULT: PHASE_BE_BH_API_PAYLOAD_CONTRACT_FAIL
