============================================================
03.civilization-development push verify START
============================================================
IMPL_ROOT: /data/data/com.termux/files/home/03.civilization-development
OUT_DIR  : /data/data/com.termux/files/home/01.civilization-system/920.meta/20260426_052343_03_implementation_push_verify
REMOTE_URL: git@github.com:lsassetmng-art/03.civilization-development.git
------------------------------------------------------------
[git status]
?? 03.business-os/CasualChatWorker/docs/final/20260426_052059_CASUAL_CHAT_WORKER_FINAL_OUTPUT_INDEX.md
?? 03.business-os/CasualChatWorker/docs/final/20260426_052059_CASUAL_CHAT_WORKER_PHASE_P_CLOSEOUT.md
?? 03.business-os/CasualChatWorker/docs/final/CASUAL_CHAT_WORKER_IMPLEMENTATION_PREPARED_COMPLETION_MARKER.md
?? 03.business-os/CasualChatWorker/docs/final/LATEST_CASUAL_CHAT_WORKER_FINAL_OUTPUT_INDEX.md
?? 03.business-os/CasualChatWorker/docs/handoff/20260426_052059_CASUAL_CHAT_WORKER_FINAL_EXPORT_HANDOFF.md
?? 03.business-os/CasualChatWorker/docs/handoff/LATEST_CASUAL_CHAT_WORKER_FINAL_EXPORT_HANDOFF.md
?? 03.business-os/CasualChatWorker/docs/meta/20260426_052059_phase_p_closeout_report.md
?? 03.business-os/CasualChatWorker/docs/verification/20260426_052059_phase_p_closeout_verify.md
------------------------------------------------------------
[git remote]
origin	git@github.com:lsassetmng-art/03.civilization-development.git (fetch)
origin	git@github.com:lsassetmng-art/03.civilization-development.git (push)
------------------------------------------------------------
VERIFY_RESULT : PUSH_SYNCED
BRANCH        : main
REMOTE_STATUS : exists
LOCAL_HEAD    : 5856b05
UPSTREAM_HEAD : 5856b05
AHEAD_BEHIND  : 0	0
============================================================
03.civilization-development push verify DONE
============================================================
VERIFY_RESULT: PUSH_SYNCED
REPORT       : /data/data/com.termux/files/home/01.civilization-system/920.meta/20260426_052343_03_implementation_push_verify/000_03_IMPLEMENTATION_PUSH_VERIFY_REPORT.md
LOG          : /data/data/com.termux/files/home/01.civilization-system/920.meta/20260426_052343_03_implementation_push_verify/010_03_push_verify.log
============================================================
DB WRITE: NOT EXECUTED
RLS APPLY: NOT EXECUTED
LIVE AIWORKEROS CALL: NOT EXECUTED
============================================================
