============================================================
AICompanyManager Phase BA-BD integrated review check
============================================================
PASS: /data/data/com.termux/files/home/01.civilization-system/07.applications/03.business-app/AICompanyManager/5000_PHASE_BA_BD_DB_RLS_INTEGRATED_REVIEW_ROADMAP.md
PASS: /data/data/com.termux/files/home/01.civilization-system/07.applications/03.business-app/AICompanyManager/5010_RLS_REFINED_REVIEW_CANON.md
PASS: /data/data/com.termux/files/home/01.civilization-system/07.applications/03.business-app/AICompanyManager/5020_MEMBERSHIP_SERVICE_RPC_BOUNDARY_CANON.md
PASS: /data/data/com.termux/files/home/01.civilization-system/07.applications/03.business-app/AICompanyManager/5030_DB_RLS_INTEGRATED_REVIEW_PACKAGE.md
PASS: /data/data/com.termux/files/home/01.civilization-system/07.applications/03.business-app/AICompanyManager/5040_DB_RLS_PRE_APPLY_CHECKLIST.md
PASS: /data/data/com.termux/files/home/01.civilization-system/07.applications/03.business-app/AICompanyManager/5050_DB_RLS_NO_APPLY_GATE.md
PASS: /data/data/com.termux/files/home/01.civilization-system/07.applications/03.business-app/AICompanyManager/5060_DB_RLS_INTEGRATED_REVIEW_BUNDLE.sql
PASS: Sato reviewer declared
PASS: company boundary refined
PASS: membership boundary
PASS: service role boundary
PASS: RPC boundary
PASS: review package declared
PASS: Boss DB OK checklist
PASS: NO APPLY gate DB write
PASS: SQL no execute guard
PASS: DDL included
PASS: RLS membership included
PASS: RLS draft included
TABLE_COUNT: 15
POLICY_COUNT: 10
PASS: integrated table count includes DDL plus membership
PASS: integrated policy drafts exist
------------------------------------------------------------
PASS_COUNT: 21
FAIL_COUNT: 0
RESULT: PHASE_BA_BD_DB_RLS_INTEGRATED_REVIEW_PASS
============================================================
