============================================================
AICompanyManager Phase AT/AU final push and handoff START
============================================================
[main cb7cbd7c] AICompanyManager Phase AT AU final handoff
 5 files changed, 169 insertions(+), 8 deletions(-)
 create mode 100644 07.applications/03.business-app/AICompanyManager/4400_PHASE_AU_HANDOFF_ONEBLOCK.md
 create mode 100644 07.applications/03.business-app/AICompanyManager/920.meta/20260427_061534_phase_at_au_final_push_handoff/000_PHASE_AT_AU_FINAL_PUSH_HANDOFF_GENERATION_REPORT.md
 create mode 100644 07.applications/03.business-app/AICompanyManager/920.meta/20260427_061534_phase_at_au_final_push_handoff/010_phase_at_au_final_push_handoff.log
COMMIT_RESULT: COMMIT_DONE
To github.com:lsassetmng-art/01.civilization-system.git
   8d56d65c..cb7cbd7c  main -> main
LOCAL_HEAD: cb7cbd7c
UPSTREAM_HEAD: cb7cbd7c
AHEAD_BEHIND: 0	0
VERIFY_RESULT: PUSH_SYNCED
FINAL_REPORT: /data/data/com.termux/files/home/01.civilization-system/07.applications/03.business-app/AICompanyManager/4300_PHASE_AT_FINAL_REPORT_PUSH_REPORT.md
HANDOFF     : /data/data/com.termux/files/home/01.civilization-system/07.applications/03.business-app/AICompanyManager/4400_PHASE_AU_HANDOFF_ONEBLOCK.md
LOG_FILE    : /data/data/com.termux/files/home/01.civilization-system/07.applications/03.business-app/AICompanyManager/920.meta/20260427_061534_phase_at_au_final_push_handoff/010_phase_at_au_final_push_handoff.log
DB WRITE: NOT EXECUTED
RLS APPLY: NOT EXECUTED
LIVE AIWORKEROS CALL: NOT EXECUTED
GIT PUSH: EXECUTED
============================================================
