============================================================
AICompanyManager Phase AY DDL refined review check
============================================================
PASS: /data/data/com.termux/files/home/01.civilization-system/07.applications/03.business-app/AICompanyManager/4710_DB_DDL_DRAFT.sql
PASS: /data/data/com.termux/files/home/01.civilization-system/07.applications/03.business-app/AICompanyManager/4810_DB_DDL_REFINED_DRAFT.sql
PASS: /data/data/com.termux/files/home/01.civilization-system/07.applications/03.business-app/AICompanyManager/4820_SATO_DB_REVIEW_REFLECTION.md
PASS: /data/data/com.termux/files/home/01.civilization-system/07.applications/03.business-app/AICompanyManager/4830_RLS_BOUNDARY_DRAFT.md
PASS: execution guard exists
PASS: aiworker logical ref note
PASS: company_id duplication note
PASS: RLS deferred note
PASS: Sato review note
PASS: Persona DB apply candidate
PASS: RLS company boundary
PASS: RLS department boundary
TABLE_COUNT: 14
PASS: 14 tables remain
------------------------------------------------------------
PASS_COUNT: 13
FAIL_COUNT: 0
RESULT: PHASE_AY_DDL_REFINED_REVIEW_PASS
============================================================
