AICompanyManager Persona-side reserved word fix apply start
NOTICE:  schema "business" already exists, skipping
CREATE SCHEMA
NOTICE:  relation "ai_company_manager_company" already exists, skipping
CREATE TABLE
NOTICE:  relation "ai_company_manager_project" already exists, skipping
CREATE TABLE
NOTICE:  relation "ai_company_manager_policy" already exists, skipping
CREATE TABLE
CREATE TABLE
NOTICE:  column "current_role_code" of relation "ai_company_manager_pipeline_run" already exists, skipping
ALTER TABLE
CREATE TABLE
CREATE TABLE
CREATE TABLE
CREATE TABLE
CREATE TABLE
CREATE TABLE
CREATE TABLE
CREATE TABLE
CREATE TABLE
CREATE INDEX
CREATE INDEX
CREATE INDEX
CREATE INDEX
CREATE INDEX
CREATE INDEX
CREATE INDEX
CREATE INDEX
CREATE INDEX
CREATE INDEX
CREATE INDEX
CREATE INDEX
CREATE INDEX
CREATE INDEX
CREATE INDEX
CREATE INDEX
CREATE INDEX
CREATE INDEX
CREATE INDEX
CREATE INDEX
CREATE INDEX
CREATE INDEX
CREATE INDEX
CREATE INDEX
CREATE INDEX
CREATE INDEX
CREATE INDEX
CREATE INDEX
CREATE INDEX
CREATE INDEX
CREATE INDEX
CREATE INDEX
CREATE INDEX
CREATE INDEX
CREATE INDEX
CREATE INDEX
CREATE INDEX
CREATE INDEX
CREATE INDEX
CREATE INDEX
CREATE INDEX
CREATE INDEX
CREATE INDEX
CREATE INDEX
COMMENT
COMMENT
COMMENT
COMMENT
COMMENT
COMMENT
COMMENT
COMMENT
COMMENT
COMMENT
COMMENT
COMMENT
COMMENT
AICompanyManager Persona-side reserved word fix apply done
