============================================================
PKG-AIW-007 ENVIRONMENT PRECHECK
============================================================
PASS: PERSONA_DATABASE_URL is set
PASS: pkg-aiw-001 through pkg-aiw-006 directories exist
============================================================
============================================================
PKG-AIW-007 FULL VERIFICATION SUITE
============================================================
============================================================
PKG-AIW-001 FOUNDATION VERIFY
============================================================
PASS: table aiworker.code_family
PASS: table aiworker.code_value
PASS: table aiworker.worker_master
PASS: table aiworker.official_intake_request
PASS: table aiworker.event_outbox
PASS: index ux_worker_master_worker_code
PASS: index ux_worker_assignment_state_current
PASS: index ux_worker_availability_state_current
PASS: code_family count >= 5
------------------------------------------------------------
PASS_COUNT=9
FAIL_COUNT=0
------------------------------------------------------------
============================================================
PKG-AIW-002 FUNCTIONS VERIFY
============================================================
PASS: table aiworker.state_transition_rule
PASS: table aiworker.result_correlation
PASS: function aiworker.fn_apply_worker_assignment_state
PASS: function aiworker.fn_apply_worker_availability_state
PASS: function aiworker.fn_apply_worker_repair_transition
PASS: function aiworker.fn_apply_worker_rebuild_transition
PASS: function aiworker.fn_apply_worker_growth_event
PASS: function aiworker.fn_apply_worker_privileged_context_change
PASS: function aiworker.fn_apply_worker_tendency_update
PASS: function aiworker.fn_record_business_result_correlation
PASS: state_transition_rule count >= 10
------------------------------------------------------------
PASS_COUNT=11
FAIL_COUNT=0
------------------------------------------------------------
============================================================
PKG-AIW-003 PAYLOAD VERIFY
============================================================
PASS: table aiworker.payload_schema_catalog
PASS: table aiworker.payload_document
PASS: table aiworker.payload_validation_log
PASS: function aiworker.fn_validate_payload_by_schema_name
PASS: function aiworker.fn_store_payload_document
PASS: function aiworker.fn_default_summary_code_from_result_code
PASS: function aiworker.fn_default_summary_band_from_result_code
PASS: payload schema catalog count >= 6
------------------------------------------------------------
PASS_COUNT=8
FAIL_COUNT=0
------------------------------------------------------------
============================================================
PKG-AIW-004 SECURITY VERIFY
============================================================
PASS: role role_aiw_official_intake_writer
PASS: role role_aiw_controlled_function_executor
PASS: role role_aiw_audit_reader
PASS: role role_aiw_operations_reviewer
PASS: role role_aiw_event_delivery
PASS: role role_aiw_restricted_reviewer
PASS: role role_aiw_privileged_reviewer
PASS: role role_aiw_no_rawtable_aiworker
PASS: policy pol_aiw_official_intake_writer_insert_self
PASS: policy pol_aiw_event_delivery_select_undelivered
PASS: policy pol_aiw_privileged_profile_privileged_reviewer
PASS: policy pol_aiw_restricted_policy_restricted_reviewer
PASS: role_aiw_no_rawtable_aiworker worker_master select = NO
------------------------------------------------------------
PASS_COUNT=13
FAIL_COUNT=0
------------------------------------------------------------
============================================================
PKG-AIW-005 REPLAY RECOVERY VERIFY
============================================================
PASS: table aiworker.request_lineage_registry
PASS: table aiworker.replay_decision_log
PASS: table aiworker.recovery_incident
PASS: table aiworker.recovery_execution_log
PASS: table aiworker.acceptance_test_case
PASS: table aiworker.acceptance_test_execution
PASS: function aiworker.fn_decide_replay_request
PASS: function aiworker.fn_redeliver_result_for_request_hash
PASS: function aiworker.fn_open_recovery_incident
PASS: function aiworker.fn_log_recovery_execution
PASS: acceptance test case count >= 10
------------------------------------------------------------
PASS_COUNT=11
FAIL_COUNT=0
------------------------------------------------------------
============================================================
PKG-AIW-006 ACCEPTANCE VERIFY
============================================================
PASS: table aiworker.acceptance_execution_batch
PASS: table aiworker.acceptance_verification_item
PASS: table aiworker.acceptance_verification_result
PASS: table aiworker.acceptance_verification_runbook_log
PASS: function aiworker.fn_open_acceptance_execution_batch
PASS: function aiworker.fn_record_acceptance_verification_result
PASS: function aiworker.fn_record_acceptance_case_execution_and_verify
PASS: function aiworker.fn_finalize_acceptance_execution_batch
PASS: acceptance verification item count >= 10
------------------------------------------------------------
PASS_COUNT=9
FAIL_COUNT=0
------------------------------------------------------------
============================================================
PKG-AIW-007 FULL VERIFICATION SUITE FINISHED
============================================================
