============================================================
CivilizationSystem full push after split verification START
============================================================
REPO_ROOT: /data/data/com.termux/files/home/01.civilization-system
BRANCH: main
------------------------------------------------------------
[git fetch]
BASE_REF: @{u}
BACKUP_BRANCH: backup/civilization-before-full-push-split-verified-20260425_192544
------------------------------------------------------------
[remove old local exclude for split master if present]
LOCAL_EXCLUDE_REMOVED_IF_PRESENT: 01.civilization-os/01_CIVILIZATION_OS_ALL_DESIGN_DOCS_INTEGRATED_MASTER.md
------------------------------------------------------------
[status before reset]
 M 920.meta/20260425_192137_civilization_full_push_move_large_files/010_full_push_move_large_files.log
?? 920.meta/20260425_192137_civilization_full_push_move_large_files/000_CIVILIZATION_FULL_PUSH_MOVE_LARGE_FILES_REPORT.md
?? 920.meta/20260425_192137_civilization_full_push_move_large_files/040_staged_files.txt
?? 920.meta/20260425_192544_civilization_system_full_push_split_verified/
------------------------------------------------------------
[reset rejected/unpushed commits to upstream, keep working tree]
Unstaged changes after reset:
M	920.meta/20260425_192137_civilization_full_push_move_large_files/010_full_push_move_large_files.log
------------------------------------------------------------
[verify no working-tree file over 100MB]
PASS: no working-tree file over 100MB
------------------------------------------------------------
[git add all CivilizationSystem]
